c:\users\gavin\source\repos\consoleapplication9\consoleapplication9\debug\vc142.pdb
c:\users\gavin\source\repos\consoleapplication9\consoleapplication9\debug\vc142.idb
c:\users\gavin\source\repos\consoleapplication9\consoleapplication9\debug\sha1.obj
c:\users\gavin\source\repos\consoleapplication9\consoleapplication9\debug\md5.obj
c:\users\gavin\source\repos\consoleapplication9\consoleapplication9\debug\consoleapplication9.obj
c:\users\gavin\source\repos\consoleapplication9\debug\bypassme.exe
c:\users\gavin\source\repos\consoleapplication9\consoleapplication9\debug\bypassme.ilk
c:\users\gavin\source\repos\consoleapplication9\debug\bypassme.pdb
c:\users\gavin\source\repos\consoleapplication9\consoleapplication9\debug\bypassme.tlog\cl.command.1.tlog
c:\users\gavin\source\repos\consoleapplication9\consoleapplication9\debug\bypassme.tlog\cl.read.1.tlog
c:\users\gavin\source\repos\consoleapplication9\consoleapplication9\debug\bypassme.tlog\cl.write.1.tlog
c:\users\gavin\source\repos\consoleapplication9\consoleapplication9\debug\bypassme.tlog\clang-cl.22500.delete.1.tlog
c:\users\gavin\source\repos\consoleapplication9\consoleapplication9\debug\bypassme.tlog\clang-cl.41564.delete.1.tlog
c:\users\gavin\source\repos\consoleapplication9\consoleapplication9\debug\bypassme.tlog\clang-cl.41568.delete.1.tlog
c:\users\gavin\source\repos\consoleapplication9\consoleapplication9\debug\bypassme.tlog\clang-cl.command.1.tlog
c:\users\gavin\source\repos\consoleapplication9\consoleapplication9\debug\bypassme.tlog\clang-cl.delete.1.tlog
c:\users\gavin\source\repos\consoleapplication9\consoleapplication9\debug\bypassme.tlog\clang-cl.read.1.tlog
c:\users\gavin\source\repos\consoleapplication9\consoleapplication9\debug\bypassme.tlog\clang-cl.write.1.tlog
c:\users\gavin\source\repos\consoleapplication9\consoleapplication9\debug\bypassme.tlog\link.command.1.tlog
c:\users\gavin\source\repos\consoleapplication9\consoleapplication9\debug\bypassme.tlog\link.read.1.tlog
c:\users\gavin\source\repos\consoleapplication9\consoleapplication9\debug\bypassme.tlog\link.write.1.tlog
c:\users\gavin\source\repos\consoleapplication9\consoleapplication9\debug\bypassme.tlog\lld-link.command.1.tlog
c:\users\gavin\source\repos\consoleapplication9\consoleapplication9\debug\bypassme.tlog\lld-link.delete.1.tlog
c:\users\gavin\source\repos\consoleapplication9\consoleapplication9\debug\bypassme.tlog\lld-link.read.1.tlog
c:\users\gavin\source\repos\consoleapplication9\consoleapplication9\debug\bypassme.tlog\lld-link.write.1.tlog
